<?xml version="1.0" encoding="utf-8"?>
<TestRun id="a7055717-5953-498b-a670-13a15007836b" name="willi@WILLIAM 2025-01-07 17:22:40" runUser="WILLIAM\willi" xmlns="http://microsoft.com/schemas/VisualStudio/TeamTest/2010">
  <Times creation="2025-01-07T17:22:40.1878407-04:00" queuing="2025-01-07T17:22:40.1878409-04:00" start="2025-01-07T17:22:39.6692524-04:00" finish="2025-01-07T17:22:40.1920867-04:00" />
  <TestSettings name="default" id="8fb3e6cf-6284-4f39-9106-efb6640c1fe4">
    <Deployment runDeploymentRoot="willi_WILLIAM_2025-01-07_17_22_40" />
  </TestSettings>
  <Results>
    <UnitTestResult executionId="1e49a940-9f9e-41ca-8c02-ccae262a1a9c" testId="a7738036-f7a4-5b55-3e21-3b432d33dd48" testName="Test1" computerName="WILLIAM" duration="00:00:00.0151650" startTime="2025-01-07T17:22:40.0634926-04:00" endTime="2025-01-07T17:22:40.0786229-04:00" testType="13cdc9d9-ddb5-4fa4-a97d-d965ccfc6d4b" outcome="Passed" testListId="8c84fa94-04c1-424b-9868-57a2d4851a1d" relativeResultsDirectory="1e49a940-9f9e-41ca-8c02-ccae262a1a9c" />
  </Results>
  <TestDefinitions>
    <UnitTest name="Test1" storage="c:\users\willi\playwrighttests\bin\debug\net8.0\playwrighttests.dll" id="a7738036-f7a4-5b55-3e21-3b432d33dd48">
      <Execution id="1e49a940-9f9e-41ca-8c02-ccae262a1a9c" />
      <TestMethod codeBase="C:\Users\willi\PlaywrightTests\bin\Debug\net8.0\PlaywrightTests.dll" adapterTypeName="executor://nunit3testexecutor/" className="PlaywrightTests.Tests" name="Test1" />
    </UnitTest>
  </TestDefinitions>
  <TestEntries>
    <TestEntry testId="a7738036-f7a4-5b55-3e21-3b432d33dd48" executionId="1e49a940-9f9e-41ca-8c02-ccae262a1a9c" testListId="8c84fa94-04c1-424b-9868-57a2d4851a1d" />
  </TestEntries>
  <TestLists>
    <TestList name="Results Not in a List" id="8c84fa94-04c1-424b-9868-57a2d4851a1d" />
    <TestList name="All Loaded Results" id="19431567-8539-422a-85d7-44ee4e166bda" />
  </TestLists>
  <ResultSummary outcome="Completed">
    <Counters total="1" executed="1" passed="1" failed="0" error="0" timeout="0" aborted="0" inconclusive="0" passedButRunAborted="0" notRunnable="0" notExecuted="0" disconnected="0" warning="0" completed="0" inProgress="0" pending="0" />
    <Output>
      <StdOut>NUnit Adapter 4.6.0.0: Test execution started&#xD;
Running all tests in C:\Users\willi\PlaywrightTests\bin\Debug\net8.0\PlaywrightTests.dll&#xD;
   NUnit3TestExecutor discovered 1 of 1 NUnit test cases using Current Discovery mode, Non-Explicit run&#xD;
NUnit Adapter 4.6.0.0: Test execution complete&#xD;
</StdOut>
    </Output>
  </ResultSummary>
</TestRun>